<?xml version="1.0" encoding="UTF-8"?>
<!-- Generated by org.testng.reporters.JUnitReportReporter -->
<testsuite hostname="LAPTOP-UHMDCUUR" failures="0" tests="1" name="SimpleProgram.TestNG" time="0.028" errors="0" timestamp="11 Apr 2018 18:57:47 GMT" skipped="0">
  <testcase classname="SimpleProgram.TestNG" name="displaymessage" time="0.028"/>
</testsuite> <!-- SimpleProgram.TestNG -->
